The `slow_search` function has several issues that lead to inefficiency:
1. **Nested Loops**: The inner loop is unnecessary because it checks every element in the array for each element, which is redundant.
2. **Redundant Checks**: Once a target is found and its index is added to `found_indices`, there's no need to check further elements.
3. **Unnecessary Breaks**: The break statement inside the inner loop breaks out of the wrong loop (it should be outside if it were needed).
**Optimized Implementation:**
```python
def optimized_search(arr, target):
found_indices = []
for i in range(len(arr)):
if arr[i] == target:
found_indices.append(i)
return found_indices
```
**Explanation of Improvements and Their Impact:**
- **Reduced Redundant Checks**: The inner loop has been removed entirely.
- **Simplified Logic**: The function now only iterates through the array once, checking each element against the target. This reduces the total number of comparisons from `n^2` (in the worst case for the original code) to `n`.
- **Time Complexity Analysis**:
- **Before Optimization**: Time complexity is O(n^2), as there are two nested loops.
- **After Optimization**: The time complexity is reduced to O(n), as we only have a single loop iterating through the array once.
**Additional Optimizations:**
While the current implementation is more efficient than the original, it could still be optimized further if additional information about the array or target is known. For instance:
- If the array is sorted and the function needs to find all occurrences of an element, using binary search can reduce the time complexity further.
- If only one occurrence is needed, breaking the loop after finding the first match would save processing time.
However, for a general search in an unsorted array where multiple occurrences might be needed, this optimized version with a linear scan provides good performance improvements.
