### Performance Analysis of `slow_search`
Let's break down the issues with the original function:
```python
def slow_search(arr, target):
"""Inefficient linear search implementation"""
found_indices = []
for i in range(len(arr)):
for j in range(len(arr)):  # Unnecessary nested loop
if arr[i] == target:
found_indices.append(i)
break
return found_indices
```
1. **Performance Problems**:
- The function uses a nested loop where the inner loop is unnecessary.
- In each iteration of the outer loop, it checks the same condition `arr[i] == target` multiple times due to the inner loop.
- This results in a time complexity of O(n^2) for searching through the array.
2. **Optimized Implementation**:
Here's an optimized version of the function:
```python
def optimized_search(arr, target):
"""Efficient linear search implementation"""
found_indices = []
for i in range(len(arr)):
if arr[i] == target:
found_indices.append(i)
return found_indices
```
3. **Explanation of Improvements**:
- Removed the unnecessary nested loop.
- Each element is now checked only once, reducing redundant comparisons.
- The function now processes each element in a single pass through the array.
4. **Time Complexity Analysis**:
**Before Optimization (slow_search)**:
- Time complexity: O(n^2)
- Outer loop runs n times
- Inner loop also runs n times for each iteration of the outer loop
**After Optimization (optimized_search)**:
- Time complexity: O(n)
- Only a single loop that runs n times
5. **Additional Optimizations**:
- If we know that `arr` is sorted, we could potentially use binary search to find the target more efficiently.
- For very large arrays or frequent searches with the same pattern, consider using data structures like HashMaps (dictionaries in Python) for constant-time lookups.
Here's an implementation considering additional optimizations:
```python
def advanced_search(arr, target):
"""Efficient linear search with potential dictionary optimization"""
# Creating a dictionary for index mapping if not already sorted
index_map = {value: idx for idx, value in enumerate(arr)}
found_indices = []
# If target exists in the dictionary, return its indices
if target in index_map:
found_indices.append(index_map[target])
return found_indices
```
**Note**: This assumes that each element is unique or the first occurrence is sufficient. For multiple occurrences, we'd need a more complex structure to keep track of all indices.
### Final Optimized Implementation
```python
def optimized_search(arr, target):
"""Efficient linear search implementation"""
found_indices = []
for i in range(len(arr)):
if arr[i] == target:
found_indices.append(i)
return found_indices
```
This version removes the unnecessary nested loop and provides a clear O(n) time complexity solution.
