I'll analyze and fix the bugs in your `BuggyStack` class, explain what's wrong, and provide a better implementation.
### 1. Identifying Bugs
Let's look at each method to identify the issues:
#### `__init__` Method
```python
def __init__(self):
self.items = []
```
- No bugs in this part - it correctly initializes an empty list for storing stack items.
#### `push` Method
```python
def push(self, item):
self.items.append(item)
```
- No bugs here - `append()` correctly adds an item to the end of the list (which is the correct behavior for a stack).
#### `pop` Method
```python
def pop(self):
if len(self.items) == 0:
return None  # Should raise exception
return self.items.pop(0)  # Wrong end of list
```
- **Bug 1**: It should raise an exception when trying to pop from an empty stack instead of returning `None`.
- **Bug 2**: It's removing elements from the beginning of the list (`pop(0)`) instead of the end, which is incorrect for a LIFO (Last In, First Out) stack.
#### `peek` Method
```python
def peek(self):
return self.items[0]  # Wrong end, no bounds check
```
- **Bug 1**: It's peeking at the first element (`items[0]`) instead of the last one (which should be the top of the stack).
- **Bug 2**: No bounds checking - it will fail if called on an empty stack.
#### `is_empty` Method
```python
def is_empty(self):
return len(self.items) > 0  # Wrong comparison
```
- **Bug 1**: The method should return `True` when the stack is empty, but currently it returns `False` for an empty stack due to the incorrect comparison (`len(self.items) > 0`).
### 2. Corrected Implementation
Here's the fixed version of your class:
```python
class FixedStack:
"""Correct Stack implementation"""
def __init__(self):
self.items = []
def push(self, item):
self.items.append(item)
def pop(self):
if len(self.items) == 0:
raise IndexError("pop from empty stack")
return self.items.pop()
def peek(self):
if len(self.items) == 0:
raise IndexError("peek from empty stack")
return self.items[-1]
def is_empty(self):
return len(self.items) == 0
```
### 3. Explanation of Bugs and Fixes
- **Bug in `pop` method**:
- Should raise an exception (`IndexError`) when trying to pop from an empty stack instead of returning `None`.
- Removed element from the end using `self.items.pop()` instead of `self.items.pop(0)`.
- **Bug in `peek` method**:
- Used `self.items[-1]` to peek at the last element (top of the stack).
- Added bounds checking to raise an exception when trying to peek on an empty stack.
- **Bug in `is_empty` method**:
- Changed the comparison from `len(self.items) > 0` to `len(self.items) == 0`.
### 4. Testing the Fix
Let's test our fixed implementation:
```python
def test_fixed_stack():
s = FixedStack()
# Test is_empty on a new stack
print(s.is_empty())  # Should be True
# Push some items
s.push(1)
s.push(2)
# Test peek at the top item
print(s.peek())  # Should be 2 (last pushed item)
# Test pop, should return 2
print(s.pop())
# Test peek again after one pop
print(s.peek())  # Should now be 1
# Pop remaining element
print(s.pop())
# Test is_empty after all items popped
print(s.is_empty())  # Should be True
# Test popping from empty stack (should raise an exception)
try:
s.pop()
except IndexError as e:
print(e)  # Should print: pop from empty stack
# Test peeking on empty stack (should raise an exception)
try:
s.peek()
except IndexError as e:
print(e)  # Should print: peek from empty stack
test_fixed_stack()
```
### 5. Additional Improvements
A few additional improvements could be made:
1. **Type Annotations**: Adding type annotations for better code clarity and IDE support.
2. **Docstrings**: Add docstrings to each method to describe their functionality.
Here's the improved version with these additions:
```python
class FixedStack:
"""Correct Stack implementation"""
def __init__(self):
self.items: list = []
def push(self, item):
"""Add an item to the top of the stack."""
self.items.append(item)
def pop(self) -> object:
"""Remove and return the top item from the stack. Raise IndexError if empty."""
if len(self.items) == 0:
raise IndexError("pop from empty stack")
return self.items.pop()
def peek(self) -> object:
"""Return the top item of the stack without removing it. Raise IndexError if empty."""
if len(self.items) == 0:
raise IndexError("peek from empty stack")
return self.items[-1]
def is_empty(self) -> bool:
"""Check if the stack is empty."""
return len(self.items) == 0
```
This improved version is more robust, better documented, and follows best practices for Python code.
