### Bugs Identified:
1. **Incorrect Pop Method**:
- The `pop` method is currently removing the first item (`self.items.pop(0)`) instead of the last item, which is typically expected for a stack (LIFO). This violates the stack's fundamental principle.
2. **Peek Method Without Bounds Check**:
- The `peek` method attempts to return the first element without checking if the list is empty, leading to an `IndexError`.
3. **Incorrect Comparison in `is_empty` Method**:
- The `is_empty` method checks if the length of the stack is greater than 0 (`len(self.items) > 0`). This should be `== 0` to correctly determine if the stack is empty.
### Corrected Implementation:
```python
class FixedStack:
"""Corrected Stack implementation"""
def __init__(self):
self.items = []
def push(self, item):
self.items.append(item)
def pop(self):
if len(self.items) == 0:
raise IndexError("pop from empty stack")  # Raises exception for empty pop
return self.items.pop()  # Correctly pops the last item
def peek(self):
if not self.items:  # Checks if list is empty first
raise IndexError("peek from empty stack")
return self.items[-1]  # Returns the last item without popping
def is_empty(self):
return len(self.items) == 0  # Correctly checks for an empty stack
# Example usage and testing
if __name__ == "__main__":
stack = FixedStack()
stack.push(1)
stack.push(2)
stack.push(3)
print("Top of stack:", stack.peek())  # Should print: Top of stack: 3
print("Popped item:", stack.pop())  # Should print: Popped item: 3
print("Popped item:", stack.pop())  # Should print: Popped item: 2
try:
print("Popped item:", stack.pop())  # Should raise an exception
except IndexError as e:
print(e)  # Should print: pop from empty stack
print("Is the stack empty?", stack.is_empty())  # Should print: Is the stack empty? True
```
### Explanation:
1. **Incorrect Pop Method**:
- Fixed by changing `self.items.pop(0)` to `self.items.pop()`, ensuring the last item is always removed, maintaining LIFO behavior.
2. **Peek Method Without Bounds Check**:
- Added a check for an empty stack before accessing `items[0]`. If the stack is empty, it raises an `IndexError` with a descriptive message.
3. **Incorrect Comparison in `is_empty` Method**:
- Changed the comparison to `len(self.items) == 0`, ensuring that only when the list is completely empty will `is_empty` return `True`.
### Additional Improvements:
1. **Exception Handling for Push/Pop Operations**:
- Although not strictly a bug, you might consider adding more robust error handling to handle cases where push operations exceed some memory limit or pop operations are performed on an already empty stack.
2. **Documentation and Comments**:
- Adding comments within the methods can help other developers understand what each function does, especially for complex logic.
3. **Type Annotations (Optional)**:
- Using type annotations in your method signatures can make your code more readable and easier to maintain. For example: `def push(self, item: Any) -> None`
