### 1. Analysis of What the Function Does
The `undocumented_function` takes a list of data (`data`) and an optional threshold value (`threshold`, defaulting to 10). It iterates through each item in the list. If the item is an integer or float, it adds the item's value to a temporary sum (`temp`). When the cumulative sum exceeds the threshold, it appends the current sum to the result list and resets `temp` to zero. If the item is not an integer or float and there is a non-zero sum in `temp`, it appends the current sum to the result list and then resets `temp`. Finally, the function returns the list of sums that exceeded the threshold.
### 2. Suggestions for Better Naming
- `data`: This name could be clearer if it's intended to represent something specific.
- `threshold`: This is fine, but consider renaming it to something more descriptive like `max_sum_per_group`.
- `result`: This is generally fine, but depending on the context, you might want a name that better reflects what each element in the list represents (e.g., `exceeded_sums` or `grouped_sums`).
### 3. Documentation Improvements
The function lacks documentation, which makes it difficult for others to understand its purpose and how it should be used. Here's an improved version with docstrings:
```python
def accumulate_until_threshold(data, max_sum_per_group=10):
"""
Accumulates the sum of numbers in a list until it reaches or exceeds a specified threshold.
Parameters:
- data (list): A list containing integers and/or floats to be summed.
- max_sum_per_group (int/float, optional): The maximum sum allowed before a new group starts. Defaults to 10.
Returns:
- list: A list of sums that each exceeded the specified threshold.
Notes:
- If an item in the data is not a number, any accumulated sum up to that point is added to the result and the sum resets.
"""
result = []
current_sum = 0
for item in data:
if isinstance(item, (int, float)):
current_sum += item
if current_sum > max_sum_per_group:
result.append(current_sum)
current_sum = 0
else:
if current_sum > 0:
result.append(current_sum)
current_sum = 0
return result
```
### 4. Potential Edge Cases or Bugs
- **Empty List**: The function correctly returns an empty list if the input is empty.
- **Non-Numeric Items**: If a non-numeric item appears in the list, it resets the sum. This behavior might be unexpected for some users, depending on what they intended to achieve.
- **Threshold Value**: The default threshold value (10) could be problematic if the input data contains very large or small numbers.
- **Large Sums**: If a single item is greater than the threshold, it will be added as an element in the result list. Depending on the application, this might not be desired.
### 5. Overall Code Quality Assessment
The function is relatively straightforward and works correctly for its intended purpose. However, there are some areas where improvements could be made:
- **Readability**: The variable names can be clearer to enhance readability.
- **Edge Cases**: There's room to handle edge cases more explicitly, such as large sums or non-numeric items that might require special handling.
- **Documentation**: Adding comprehensive documentation improves maintainability and usability.
By addressing these points, you can create a function that is not only correct but also more robust and easier to understand.
