**TechStore Quarterly Performance Report**
**Q1 2024**
**Executive Summary**
**Key Performance Indicators (KPIs)**
| Metric | Q1 2024 | YoY Growth |
|---|---|---|
| Total Orders | 358 | +18% |
| Revenue (USD) | $79,624.86 | +22% |
| Average Order Value (AOV) | $222.14 | +5% |
| Customer Satisfaction Score | 4.6/5 | +0.1 |
**Revenue and Growth Analysis**
- Q1 revenue increased by $14,379.86 YoY, representing a growth rate of 22%.
- Total orders grew by 18%, with an increase in average order value (AOV) by 5%.
**Customer Insights and Segmentation**
*Top Customers:*
- **Platinum Tier:** Mike Chen ($2,134.56), David Miller ($3,245.78)
- **Gold Tier:** John Smith ($1,249.87), Thomas Anderson ($892.45)
*Customer Behavior:*
- 40% of revenue came from corporate bulk orders.
- Wireless headphones and ergonomic chairs were the most popular products among repeat customers.
**Product Performance Highlights**
*Wireless Headphones (SKU: WH-2024-001):*
- Sold 156 pairs, contributing $14,039.44 in revenue.
- Customer rating: 4.7/5 stars with a return rate of 2.1%.
*Ergonomic Chair (SKU: EC-2024-001):*
- Represented 40% of sales volume, with corporate bulk orders comprising 60%.
**Market Trends and Opportunities**
- Wireless headphones market continues to grow, with consumers favoring longer battery life and quick charging.
- Remote work market expanded by 42% since 2020, indicating strong demand for ergonomic chairs.
**Risk Factors and Challenges**
- Price-sensitive customers may switch to competitors offering lower prices (e.g., Emily Davis).
- Shipping speed challenges for West Coast customers may impact customer satisfaction scores.
**Strategic Recommendations for Q2**
1. **Expand Mechanical Keyboard Selection:** Diversify product offerings to cater to varying customer preferences.
2. **Launch Referral Program:** Encourage corporate clients to refer new business opportunities, potentially driving growth in bulk orders.
3. **Improve West Coast Shipping Speed:** Collaborate with logistics providers to improve delivery times for West Coast customers.
4. **Price Matching Policy Consideration:** Evaluate implementing a price matching policy to retain price-sensitive customers and maintain competitiveness.
*Signed,*
Jennifer
Sales Director, TechStore
