**TechStore Quarterly Performance Report**
**Q1 2024 | Executive Summary**
**Prepared by:** TechStore Senior Leadership Team
**Date:** February 15, 2024
---
**Key Performance Indicators (KPIs)**
| KPI | Q1 2024 | YoY Change |
|---|---|---|
| Total Orders | 693 | +17.2% |
| Revenue (USD) | $85,637.42 | +21.5% |
| Average Order Value (AOV) | $123.75 | +3.4% |
| Customer Satisfaction Score | 4.5/5.0 | +0.1 |
---
**Revenue and Growth Analysis**
*Q1 2024 revenue grew by 21.5% year-over-year, driven primarily by increased order volume (17.2%) and a slight increase in Average Order Value.*
| Quarter | Total Revenue (USD) |
|---|---|
| Q1 2023 | $69,876.44 |
| **Q1 2024** | **$85,637.42 (+21.5%)** |
---
**Customer Insights and Segmentation**
*Top Customer Segments:*
1. *Corporate Clients:* Representing 38% of revenue, with a focus on office accessories and ergonomic furniture.
2. *Loyal Customers (Gold & Platinum Tier):* Contributing 35% to total revenue, with an average spend of $274.65 per order.
3. *New Customers:* Accounted for 19% of orders but only 10% of revenue due to lower AOV.
---
**Product Performance Highlights**
| Product Category | Units Sold | Revenue (USD) |
|---|---|---|
| Wireless Headphones | 156 pairs | $14,039.44 (+72%) |
| Ergonomic Chair | 87 units | $27,329.33 (+45%) |
| Mechanical Keyboards | 65 units | $9,176.75 (-12%) |
*The Wireless Headphones category showed exceptional growth (72%), while Mechanical Keyboards saw a decrease (-12%) due to increased competition.*
---
**Market Trends and Opportunities**
*Key trends:*
- *Growing demand for wireless accessories with long battery life.*
- *Increased interest in ergonomic furniture, driven by remote work trends.*
- *Rising competition in mechanical keyboards segment.*
*Opportunities:*
- Expand mechanical keyboard offerings to remain competitive.
- Launch a referral program targeting corporate clients.
- Improve West Coast shipping speeds to boost customer satisfaction.
---
**Risk Factors and Challenges**
- *Price sensitivity:* 3 recent cancellations due to better prices elsewhere. Consider implementing price matching policy.
- *Supply chain disruptions:* Potential delays in product availability impacting sales growth.
- *Changing consumer preferences:* Continuous monitoring required to adapt to evolving customer needs.
---
**Strategic Recommendations for Q2**
1. **Product Strategy:**
* Diversify mechanical keyboard offerings.
* Launch new high-end wireless headphone model targeting premium segment.
* Introduce ergonomic laptop stand to capitalize on remote work trends.
2. **Marketing and Sales:**
* Implement referral program for corporate clients.
* Leverage customer data to create targeted marketing campaigns, focusing on loyal customers and new acquisitions.
3. **Operational Improvements:**
* Streamline West Coast shipping processes to reduce delivery times.
* Review and optimize product pricing strategy to minimize cancellations due to price sensitivity.
---
**Next Review:** Q2 2024 Performance Report (May 15, 2024)
*Prepared by:*
[Your Name]
Senior Leadership Team
TechStore
