**1. Customer Behavior Patterns and Segments:**
- **High-value customers (Platinum tier):**
- Mike Chen (CUST-003), David Miller (CUST-007) - Both have placed multiple orders (>15 each), spent significantly (>$2,000 each), and are active in communication with the store.
- Robert Wilson (CUST-005) also fits this segment.
- **Mid-tier customers (Gold/Silver tier):**
- John Smith (CUST-001), Thomas Anderson (CUST-009) - Active, loyal customers who have placed multiple orders and spent moderately (>$400 each).
- Sarah Johnson (CUST-002), Lisa Garcia (CUST-006), Maria Rodriguez (CUST-010) fall into this segment as well.
- **Low-value/Bronze tier customers:**
- Emily Davis (CUST-004), Jennifer Brown (CUST-008) - Both have placed fewer orders (<5 each) and spent less (<$300 each).
**2. Product Sales Trends and Correlations:**
- **Best-selling products:** Wireless Headphones, USB-C Hub, Webcam HD.
- **Highest revenue contributions:** Ergonomic Chair, Wireless Headphones.
- **Correlation between customer loyalty tier and product preferences:**
- Platinum tier customers prefer high-ticket items like Ergonomic Chairs, Laptop Stands, and Mechanical Keyboards.
- Gold/Silver tier customers favor mid-range products such as Wireless Headphones, USB-C Hubs, Desk Pads.
- Bronze tier customers tend to purchase budget-friendly items like Desk Pads.
**3. Seasonal or Temporal Patterns:**
- **Q4 2023 vs Q1 2024:**
- Total orders and revenue increased by 15% and 22%, respectively, likely due to holiday shopping.
- Wireless headphones demand increased by 35%.
**4. Geographic Trends:**
- **Highest sales volume:** New York NY, Chicago IL, Los Angeles CA.
- **Popular products based on location:**
- Wireless Headphones: High demand in Boston MA (18 orders), Miami FL (9 orders).
- Ergonomic Chairs: Popular in Denver CO (5 orders), Portland OR (4 orders).
**5. Communication Pattern Analysis:**
- **Customer support interactions:** Most communications involve order status updates, with customers actively engaging to confirm details and expected delivery dates.
- **Sales & marketing emails:** The quarterly sales performance review indicates a focus on expanding product offerings and improving shipping speeds for West Coast customers.
**6. Anomalies or Outliers:**
- **High cancellation rate:** Emily Davis (CUST-004) cancelled her Mechanical Keyboard order, citing a better price elsewhere.
- *Evidence:* Two other similar cases were noted in the customer service email.
- *Confidence level: Medium* (as this is only the third instance).
**7. Predictive Insights for Future Planning:**
- **Product category expansion:**
- Mechanical keyboards show potential based on customer interest and high-ticket sales.
- Consider expanding the ergonomic furniture line to capture more of the remote work market.
- **Marketing strategies:**
- Implement a referral program targeted at corporate clients to boost bulk orders (already in planning).
- Introduce a price matching policy to reduce cancellation rates due to price sensitivity.
- **Sales projections:**
- Based on Q4 growth trends, expect continued increases in total orders and revenue throughout 2024.
- Monitor Wireless Headphones sales closely as they contribute significantly to revenue but face intense competition.
