**1. Customer behavior patterns and segments:**
- ** Loyalty tiers:**
- Platinum tier (CUST-003, CUST-005, CUST-007): High total orders (>15) and total spent (>$2100). They are likely frequent, high-value customers.
- Gold tier (CUST-001, CUST-009): Medium-high total orders (8-12) and total spent ($1249-$1763). These customers could be convinced to spend more for upgrades or rewards.
- Silver tier (CUST-002, CUST-006, CUST-008, CUST-010): Medium total orders (4-8) and total spent ($445-$567). They could benefit from promotions to increase their order frequency.
- Bronze tier (CUST-004): Low total orders (<3) and total spent (<$250). These customers may need more incentives or improved customer experience to increase loyalty.
- **Purchase patterns:**
- Bimodal distribution in order frequency: Customers either place few orders (<3) or many (>9).
- Most customers prefer single-item purchases (mean quantity = 1.4).
**2. Product sales trends and correlations:**
- **Wireless Headphones (SKU: WH-2024-001):** Strong sales with 156 units sold in January, contributing $14,039.44 to revenue.
- **Ergonomic Chair (SKU: EC-2024-001):** High demand for corporate bulk orders (60% of sales volume).
- **Correlation:** Customers who purchase Wireless Headphones tend to have higher total spent and order frequency, likely belonging to the Platinum or Gold loyalty tiers.
**3. Seasonal or temporal patterns:**
- **Order date:**
- Most orders were placed between January 15th and 19th.
- No clear daily trend observed; however, more data is needed for definitive conclusions.
**4. Geographic trends:**
- **Shipping addresses:** Most customers are located in the United States, with orders predominantly shipped to California (ORD-2024-003, ORD-2024-006) and Massachusetts (ORD-2024-001).
- **Communication patterns:** The support team interacted more frequently with California-based customers (CUST-003, CUST-005).
**5. Communication pattern analysis:**
- **Customer inquiries:**
- Mike Chen (CUST-003) actively engaged with the support team regarding his order (ORD-2024-003).
- Emily Davis (CUST-004) requested an order cancellation due to finding a better price elsewhere.
- **Internal communication:** The sales director's email on January 20th discussed Q4 performance and Q1 priorities, indicating regular team updates.
**6. Anomalies or outliers that require attention:**
- **Order status:**
- Only one cancelled order (ORD-2024-004) in the dataset.
- High return rate for Wireless Headphones (2.1%) compared to industry average (8.3%), warranting further investigation.
**7. Predictive insights for future planning:**
Based on available data, TechStore could consider:
- **Product strategy:**
- Stock up on Wireless Headphones and Ergonomic Chairs due to high demand.
- Consider offering more mechanical keyboards based on customer interest.
- **Customer segmentation:**
- Implement targeted marketing campaigns for Bronze tier customers to increase order frequency.
- Offer rewards or incentives for Gold tier customers to encourage them to spend more.
- **Geographic expansion:**
- Explore opportunities in California and Massachusetts, where most orders were shipped.
- Improve shipping speed for West Coast customers (Q1 priority).
*Confidence levels:*
- High confidence (>90%) in customer behavior patterns, product sales trends, and communication pattern analysis due to clear data points.
- Moderate confidence (60%-80%) in seasonal/temporal patterns, geographic trends, and predictive insights given the limited dataset.
- Low confidence (<50%) in identifying anomalies due to insufficient sample size.
